13:14:06.680 [main] WARN  o.s.b.s.r.RedisStarterDeprecationWarningAutoConfiguration - spring-boot-starter-redis is deprecated as of Spring Boot 1.4, please migrate to spring-boot-starter-data-redis
13:21:41.426 [main] WARN  o.s.b.s.r.RedisStarterDeprecationWarningAutoConfiguration - spring-boot-starter-redis is deprecated as of Spring Boot 1.4, please migrate to spring-boot-starter-data-redis
13:24:59.732 [main] INFO  com.xzj.ImsApplication - Starting ImsApplication using Java 11.0.15.1 on LAPTOP-U2V6LQKN with PID 8124 (F:\培训\项目\库存管理\code\IMS\target\classes started by Peter in F:\培训\项目\库存管理\code\IMS)
13:24:59.734 [main] INFO  com.xzj.ImsApplication - No active profile set, falling back to 1 default profile: "default"
13:25:00.594 [main] INFO  o.s.d.r.c.RepositoryConfigurationDelegate - Multiple Spring Data modules found, entering strict repository configuration mode
13:25:00.596 [main] INFO  o.s.d.r.c.RepositoryConfigurationDelegate - Bootstrapping Spring Data Redis repositories in DEFAULT mode.
13:25:00.621 [main] INFO  o.s.d.r.c.RepositoryConfigurationDelegate - Finished Spring Data repository scanning in 12 ms. Found 0 Redis repository interfaces.
13:25:01.236 [main] INFO  o.s.b.w.e.tomcat.TomcatWebServer - Tomcat initialized with port(s): 8080 (http)
13:25:01.243 [main] INFO  o.a.coyote.http11.Http11NioProtocol - Initializing ProtocolHandler ["http-nio-8080"]
13:25:01.244 [main] INFO  o.a.catalina.core.StandardService - Starting service [Tomcat]
13:25:01.244 [main] INFO  o.a.catalina.core.StandardEngine - Starting Servlet engine: [Apache Tomcat/9.0.75]
13:25:01.330 [main] INFO  o.a.c.c.C.[Tomcat].[localhost].[/] - Initializing Spring embedded WebApplicationContext
13:25:01.330 [main] INFO  o.s.b.w.s.c.ServletWebServerApplicationContext - Root WebApplicationContext: initialization completed in 1549 ms
13:25:03.701 [main] WARN  o.s.b.s.r.RedisStarterDeprecationWarningAutoConfiguration - spring-boot-starter-redis is deprecated as of Spring Boot 1.4, please migrate to spring-boot-starter-data-redis
13:25:03.733 [main] INFO  o.a.coyote.http11.Http11NioProtocol - Starting ProtocolHandler ["http-nio-8080"]
13:25:03.753 [main] INFO  o.s.b.w.e.tomcat.TomcatWebServer - Tomcat started on port(s): 8080 (http) with context path ''
13:25:04.021 [main] INFO  com.xzj.ImsApplication - Started ImsApplication in 4.723 seconds (JVM running for 5.635)
13:25:38.116 [http-nio-8080-exec-7] INFO  o.a.c.c.C.[Tomcat].[localhost].[/] - Initializing Spring DispatcherServlet 'dispatcherServlet'
13:25:38.116 [http-nio-8080-exec-7] INFO  o.s.web.servlet.DispatcherServlet - Initializing Servlet 'dispatcherServlet'
13:25:38.119 [http-nio-8080-exec-7] INFO  o.s.web.servlet.DispatcherServlet - Completed initialization in 2 ms
13:25:38.175 [http-nio-8080-exec-7] INFO  com.xzj.aspect.WebLogAspect - 请求地址：http://localhost:8080/api/Dept/list/no/params
13:25:38.175 [http-nio-8080-exec-1] INFO  com.xzj.aspect.WebLogAspect - 请求地址：http://localhost:8080/api/Role/list/no/parms
13:25:38.177 [http-nio-8080-exec-1] INFO  com.xzj.aspect.WebLogAspect - 请求方法：POST
13:25:38.177 [http-nio-8080-exec-7] INFO  com.xzj.aspect.WebLogAspect - 请求方法：POST
13:25:38.179 [http-nio-8080-exec-1] INFO  com.xzj.aspect.WebLogAspect - 方法签名信息：com.xzj.controller.RoleController,selectRoleListNoParams
13:25:38.179 [http-nio-8080-exec-7] INFO  com.xzj.aspect.WebLogAspect - 方法签名信息：com.xzj.controller.DeptController,selectDeptListNoParams
13:25:38.184 [http-nio-8080-exec-4] INFO  com.xzj.aspect.WebLogAspect - 请求地址：http://localhost:8080/api/User/list
13:25:38.185 [http-nio-8080-exec-4] INFO  com.xzj.aspect.WebLogAspect - 请求方法：POST
13:25:38.185 [http-nio-8080-exec-4] INFO  com.xzj.aspect.WebLogAspect - 方法签名信息：com.xzj.controller.UserController,selectUserList
13:25:38.189 [http-nio-8080-exec-7] INFO  com.xzj.aspect.WebLogAspect - 请求参数：[]
13:25:38.189 [http-nio-8080-exec-1] INFO  com.xzj.aspect.WebLogAspect - 请求参数：[]
13:25:38.191 [http-nio-8080-exec-4] INFO  com.xzj.aspect.WebLogAspect - 请求参数：[1,10,"",""]
13:25:38.203 [http-nio-8080-exec-1] INFO  com.xzj.aspect.DaoLogAspect - 数据库开始执行：BaseMapper.selectList(..)
13:25:38.208 [http-nio-8080-exec-7] INFO  com.xzj.aspect.DaoLogAspect - 数据库开始执行：BaseMapper.selectList(..)
13:25:38.208 [http-nio-8080-exec-4] INFO  com.xzj.aspect.DaoLogAspect - 数据库开始执行：BaseMapper.selectList(..)
13:25:38.255 [http-nio-8080-exec-1] INFO  com.zaxxer.hikari.HikariDataSource - HikariPool-1 - Starting...
13:25:38.520 [http-nio-8080-exec-1] INFO  com.zaxxer.hikari.HikariDataSource - HikariPool-1 - Start completed.
13:25:38.575 [http-nio-8080-exec-1] INFO  com.xzj.aspect.DaoLogAspect - 数据库耗时：372 ms
13:25:38.577 [http-nio-8080-exec-7] INFO  com.xzj.aspect.DaoLogAspect - 数据库耗时：369 ms
13:25:38.584 [http-nio-8080-exec-4] INFO  com.xzj.aspect.DaoLogAspect - 数据库耗时：376 ms
13:25:38.586 [http-nio-8080-exec-4] INFO  com.xzj.aspect.DaoLogAspect - 数据库开始执行：BaseMapper.selectById(..)
13:25:38.587 [http-nio-8080-exec-7] INFO  com.xzj.aspect.WebLogAspect - 业务层耗时：412 ms
13:25:38.587 [http-nio-8080-exec-1] INFO  com.xzj.aspect.WebLogAspect - 业务层耗时：412 ms
13:25:38.591 [http-nio-8080-exec-4] INFO  com.xzj.aspect.DaoLogAspect - 数据库耗时：5 ms
13:25:38.591 [http-nio-8080-exec-4] INFO  com.xzj.aspect.DaoLogAspect - 数据库开始执行：BaseMapper.selectById(..)
13:25:38.594 [http-nio-8080-exec-4] INFO  com.xzj.aspect.DaoLogAspect - 数据库耗时：3 ms
13:25:38.594 [http-nio-8080-exec-4] INFO  com.xzj.aspect.DaoLogAspect - 数据库开始执行：BaseMapper.selectById(..)
13:25:38.597 [http-nio-8080-exec-4] INFO  com.xzj.aspect.DaoLogAspect - 数据库耗时：3 ms
13:25:38.597 [http-nio-8080-exec-4] INFO  com.xzj.aspect.DaoLogAspect - 数据库开始执行：BaseMapper.selectById(..)
13:25:38.601 [http-nio-8080-exec-4] INFO  com.xzj.aspect.DaoLogAspect - 数据库耗时：4 ms
13:25:38.601 [http-nio-8080-exec-4] INFO  com.xzj.aspect.DaoLogAspect - 数据库开始执行：BaseMapper.selectById(..)
13:25:38.603 [http-nio-8080-exec-4] INFO  com.xzj.aspect.DaoLogAspect - 数据库耗时：2 ms
13:25:38.603 [http-nio-8080-exec-4] INFO  com.xzj.aspect.DaoLogAspect - 数据库开始执行：BaseMapper.selectById(..)
13:25:38.606 [http-nio-8080-exec-4] INFO  com.xzj.aspect.DaoLogAspect - 数据库耗时：3 ms
13:25:38.606 [http-nio-8080-exec-4] INFO  com.xzj.aspect.DaoLogAspect - 数据库开始执行：BaseMapper.selectById(..)
13:25:38.609 [http-nio-8080-exec-4] INFO  com.xzj.aspect.DaoLogAspect - 数据库耗时：3 ms
13:25:38.609 [http-nio-8080-exec-4] INFO  com.xzj.aspect.DaoLogAspect - 数据库开始执行：BaseMapper.selectById(..)
13:25:38.612 [http-nio-8080-exec-4] INFO  com.xzj.aspect.DaoLogAspect - 数据库耗时：3 ms
13:25:38.612 [http-nio-8080-exec-4] INFO  com.xzj.aspect.DaoLogAspect - 数据库开始执行：BaseMapper.selectById(..)
13:25:38.615 [http-nio-8080-exec-4] INFO  com.xzj.aspect.DaoLogAspect - 数据库耗时：3 ms
13:25:38.615 [http-nio-8080-exec-4] INFO  com.xzj.aspect.DaoLogAspect - 数据库开始执行：BaseMapper.selectById(..)
13:25:38.618 [http-nio-8080-exec-4] INFO  com.xzj.aspect.DaoLogAspect - 数据库耗时：3 ms
13:25:38.618 [http-nio-8080-exec-4] INFO  com.xzj.aspect.DaoLogAspect - 数据库开始执行：BaseMapper.selectById(..)
13:25:38.621 [http-nio-8080-exec-4] INFO  com.xzj.aspect.DaoLogAspect - 数据库耗时：3 ms
13:25:38.621 [http-nio-8080-exec-4] INFO  com.xzj.aspect.DaoLogAspect - 数据库开始执行：BaseMapper.selectById(..)
13:25:38.626 [http-nio-8080-exec-4] INFO  com.xzj.aspect.DaoLogAspect - 数据库耗时：5 ms
13:25:38.627 [http-nio-8080-exec-4] INFO  com.xzj.aspect.DaoLogAspect - 数据库开始执行：BaseMapper.selectById(..)
13:25:38.630 [http-nio-8080-exec-4] INFO  com.xzj.aspect.DaoLogAspect - 数据库耗时：3 ms
13:25:38.631 [http-nio-8080-exec-4] INFO  com.xzj.aspect.DaoLogAspect - 数据库开始执行：BaseMapper.selectById(..)
13:25:38.633 [http-nio-8080-exec-4] INFO  com.xzj.aspect.DaoLogAspect - 数据库耗时：2 ms
13:25:38.633 [http-nio-8080-exec-4] INFO  com.xzj.aspect.DaoLogAspect - 数据库开始执行：BaseMapper.selectById(..)
13:25:38.636 [http-nio-8080-exec-4] INFO  com.xzj.aspect.DaoLogAspect - 数据库耗时：3 ms
13:25:38.636 [http-nio-8080-exec-4] INFO  com.xzj.aspect.DaoLogAspect - 数据库开始执行：BaseMapper.selectById(..)
13:25:38.640 [http-nio-8080-exec-4] INFO  com.xzj.aspect.DaoLogAspect - 数据库耗时：4 ms
13:25:38.640 [http-nio-8080-exec-4] INFO  com.xzj.aspect.DaoLogAspect - 数据库开始执行：BaseMapper.selectById(..)
13:25:38.642 [http-nio-8080-exec-4] INFO  com.xzj.aspect.DaoLogAspect - 数据库耗时：2 ms
13:25:38.642 [http-nio-8080-exec-4] INFO  com.xzj.aspect.DaoLogAspect - 数据库开始执行：BaseMapper.selectById(..)
13:25:38.644 [http-nio-8080-exec-4] INFO  com.xzj.aspect.DaoLogAspect - 数据库耗时：2 ms
13:25:38.644 [http-nio-8080-exec-4] INFO  com.xzj.aspect.DaoLogAspect - 数据库开始执行：BaseMapper.selectById(..)
13:25:38.646 [http-nio-8080-exec-4] INFO  com.xzj.aspect.DaoLogAspect - 数据库耗时：2 ms
13:25:38.646 [http-nio-8080-exec-4] INFO  com.xzj.aspect.DaoLogAspect - 数据库开始执行：BaseMapper.selectById(..)
13:25:38.648 [http-nio-8080-exec-4] INFO  com.xzj.aspect.DaoLogAspect - 数据库耗时：2 ms
13:25:38.648 [http-nio-8080-exec-4] INFO  com.xzj.aspect.DaoLogAspect - 数据库开始执行：BaseMapper.selectById(..)
13:25:38.651 [http-nio-8080-exec-4] INFO  com.xzj.aspect.DaoLogAspect - 数据库耗时：3 ms
13:25:38.651 [http-nio-8080-exec-4] INFO  com.xzj.aspect.DaoLogAspect - 数据库开始执行：BaseMapper.selectById(..)
13:25:38.653 [http-nio-8080-exec-4] INFO  com.xzj.aspect.DaoLogAspect - 数据库耗时：2 ms
13:25:38.653 [http-nio-8080-exec-4] INFO  com.xzj.aspect.DaoLogAspect - 数据库开始执行：BaseMapper.selectById(..)
13:25:38.655 [http-nio-8080-exec-4] INFO  com.xzj.aspect.DaoLogAspect - 数据库耗时：2 ms
13:25:38.655 [http-nio-8080-exec-4] INFO  com.xzj.aspect.DaoLogAspect - 数据库开始执行：BaseMapper.selectById(..)
13:25:38.657 [http-nio-8080-exec-4] INFO  com.xzj.aspect.DaoLogAspect - 数据库耗时：2 ms
13:25:38.657 [http-nio-8080-exec-4] INFO  com.xzj.aspect.DaoLogAspect - 数据库开始执行：BaseMapper.selectById(..)
13:25:38.659 [http-nio-8080-exec-4] INFO  com.xzj.aspect.DaoLogAspect - 数据库耗时：2 ms
13:25:38.660 [http-nio-8080-exec-4] INFO  com.xzj.aspect.DaoLogAspect - 数据库开始执行：BaseMapper.selectById(..)
13:25:38.661 [http-nio-8080-exec-4] INFO  com.xzj.aspect.DaoLogAspect - 数据库耗时：1 ms
13:25:38.662 [http-nio-8080-exec-4] INFO  com.xzj.aspect.DaoLogAspect - 数据库开始执行：BaseMapper.selectById(..)
13:25:38.664 [http-nio-8080-exec-4] INFO  com.xzj.aspect.DaoLogAspect - 数据库耗时：2 ms
13:25:38.664 [http-nio-8080-exec-4] INFO  com.xzj.aspect.DaoLogAspect - 数据库开始执行：BaseMapper.selectById(..)
13:25:38.666 [http-nio-8080-exec-4] INFO  com.xzj.aspect.DaoLogAspect - 数据库耗时：2 ms
13:25:38.666 [http-nio-8080-exec-4] INFO  com.xzj.aspect.DaoLogAspect - 数据库开始执行：BaseMapper.selectById(..)
13:25:38.668 [http-nio-8080-exec-4] INFO  com.xzj.aspect.DaoLogAspect - 数据库耗时：2 ms
13:25:38.669 [http-nio-8080-exec-4] INFO  com.xzj.aspect.DaoLogAspect - 数据库开始执行：BaseMapper.selectById(..)
13:25:38.671 [http-nio-8080-exec-4] INFO  com.xzj.aspect.DaoLogAspect - 数据库耗时：2 ms
13:25:38.671 [http-nio-8080-exec-4] INFO  com.xzj.aspect.DaoLogAspect - 数据库开始执行：BaseMapper.selectById(..)
13:25:38.673 [http-nio-8080-exec-4] INFO  com.xzj.aspect.DaoLogAspect - 数据库耗时：2 ms
13:25:38.673 [http-nio-8080-exec-4] INFO  com.xzj.aspect.DaoLogAspect - 数据库开始执行：BaseMapper.selectById(..)
13:25:38.675 [http-nio-8080-exec-4] INFO  com.xzj.aspect.DaoLogAspect - 数据库耗时：2 ms
13:25:38.675 [http-nio-8080-exec-4] INFO  com.xzj.aspect.DaoLogAspect - 数据库开始执行：BaseMapper.selectById(..)
13:25:38.677 [http-nio-8080-exec-4] INFO  com.xzj.aspect.DaoLogAspect - 数据库耗时：2 ms
13:25:38.677 [http-nio-8080-exec-4] INFO  com.xzj.aspect.DaoLogAspect - 数据库开始执行：BaseMapper.selectById(..)
13:25:38.679 [http-nio-8080-exec-4] INFO  com.xzj.aspect.DaoLogAspect - 数据库耗时：2 ms
13:25:38.679 [http-nio-8080-exec-4] INFO  com.xzj.aspect.DaoLogAspect - 数据库开始执行：BaseMapper.selectById(..)
13:25:38.681 [http-nio-8080-exec-4] INFO  com.xzj.aspect.DaoLogAspect - 数据库耗时：2 ms
13:25:38.681 [http-nio-8080-exec-4] INFO  com.xzj.aspect.DaoLogAspect - 数据库开始执行：BaseMapper.selectById(..)
13:25:38.684 [http-nio-8080-exec-4] INFO  com.xzj.aspect.DaoLogAspect - 数据库耗时：3 ms
13:25:38.684 [http-nio-8080-exec-4] INFO  com.xzj.aspect.DaoLogAspect - 数据库开始执行：BaseMapper.selectById(..)
13:25:38.686 [http-nio-8080-exec-4] INFO  com.xzj.aspect.DaoLogAspect - 数据库耗时：2 ms
13:25:38.686 [http-nio-8080-exec-4] INFO  com.xzj.aspect.DaoLogAspect - 数据库开始执行：BaseMapper.selectById(..)
13:25:38.687 [http-nio-8080-exec-4] INFO  com.xzj.aspect.DaoLogAspect - 数据库耗时：1 ms
13:25:38.688 [http-nio-8080-exec-4] INFO  com.xzj.aspect.DaoLogAspect - 数据库开始执行：BaseMapper.selectById(..)
13:25:38.689 [http-nio-8080-exec-4] INFO  com.xzj.aspect.DaoLogAspect - 数据库耗时：1 ms
13:25:38.689 [http-nio-8080-exec-4] INFO  com.xzj.aspect.DaoLogAspect - 数据库开始执行：BaseMapper.selectById(..)
13:25:38.691 [http-nio-8080-exec-4] INFO  com.xzj.aspect.DaoLogAspect - 数据库耗时：2 ms
13:25:38.697 [http-nio-8080-exec-4] INFO  com.xzj.aspect.WebLogAspect - 业务层耗时：513 ms
13:32:58.053 [http-nio-8080-exec-8] INFO  com.xzj.aspect.WebLogAspect - 请求地址：http://localhost:8080/api/Goods/list
13:32:58.053 [http-nio-8080-exec-8] INFO  com.xzj.aspect.WebLogAspect - 请求方法：POST
13:32:58.053 [http-nio-8080-exec-8] INFO  com.xzj.aspect.WebLogAspect - 方法签名信息：com.xzj.controller.GoodsController,selectDeptList
13:32:58.053 [http-nio-8080-exec-8] INFO  com.xzj.aspect.WebLogAspect - 请求参数：[1,10,null,null]
13:32:58.064 [http-nio-8080-exec-8] INFO  com.xzj.aspect.DaoLogAspect - 数据库开始执行：BaseMapper.selectList(..)
13:32:58.080 [http-nio-8080-exec-8] INFO  com.xzj.aspect.DaoLogAspect - 数据库耗时：16 ms
13:32:58.081 [http-nio-8080-exec-8] INFO  com.xzj.aspect.DaoLogAspect - 数据库开始执行：BaseMapper.selectById(..)
13:32:58.084 [http-nio-8080-exec-8] INFO  com.xzj.aspect.DaoLogAspect - 数据库耗时：3 ms
13:32:58.084 [http-nio-8080-exec-8] INFO  com.xzj.aspect.DaoLogAspect - 数据库开始执行：BaseMapper.selectById(..)
13:32:58.086 [http-nio-8080-exec-8] INFO  com.xzj.aspect.DaoLogAspect - 数据库耗时：2 ms
13:32:58.087 [http-nio-8080-exec-8] INFO  com.xzj.aspect.DaoLogAspect - 数据库开始执行：BaseMapper.selectById(..)
13:32:58.089 [http-nio-8080-exec-8] INFO  com.xzj.aspect.DaoLogAspect - 数据库耗时：2 ms
13:32:58.090 [http-nio-8080-exec-8] INFO  com.xzj.aspect.DaoLogAspect - 数据库开始执行：BaseMapper.selectById(..)
13:32:58.093 [http-nio-8080-exec-8] INFO  com.xzj.aspect.DaoLogAspect - 数据库耗时：3 ms
13:32:58.093 [http-nio-8080-exec-8] INFO  com.xzj.aspect.DaoLogAspect - 数据库开始执行：BaseMapper.selectById(..)
13:32:58.095 [http-nio-8080-exec-8] INFO  com.xzj.aspect.DaoLogAspect - 数据库耗时：2 ms
13:32:58.095 [http-nio-8080-exec-8] INFO  com.xzj.aspect.DaoLogAspect - 数据库开始执行：BaseMapper.selectById(..)
13:32:58.097 [http-nio-8080-exec-8] INFO  com.xzj.aspect.DaoLogAspect - 数据库耗时：2 ms
13:32:58.097 [http-nio-8080-exec-8] INFO  com.xzj.aspect.DaoLogAspect - 数据库开始执行：BaseMapper.selectById(..)
13:32:58.099 [http-nio-8080-exec-8] INFO  com.xzj.aspect.DaoLogAspect - 数据库耗时：2 ms
13:32:58.099 [http-nio-8080-exec-8] INFO  com.xzj.aspect.DaoLogAspect - 数据库开始执行：BaseMapper.selectById(..)
13:32:58.101 [http-nio-8080-exec-8] INFO  com.xzj.aspect.DaoLogAspect - 数据库耗时：2 ms
13:32:58.101 [http-nio-8080-exec-8] INFO  com.xzj.aspect.DaoLogAspect - 数据库开始执行：BaseMapper.selectById(..)
13:32:58.103 [http-nio-8080-exec-8] INFO  com.xzj.aspect.DaoLogAspect - 数据库耗时：2 ms
13:32:58.103 [http-nio-8080-exec-8] INFO  com.xzj.aspect.DaoLogAspect - 数据库开始执行：BaseMapper.selectById(..)
13:32:58.105 [http-nio-8080-exec-8] INFO  com.xzj.aspect.DaoLogAspect - 数据库耗时：2 ms
13:32:58.105 [http-nio-8080-exec-8] INFO  com.xzj.aspect.DaoLogAspect - 数据库开始执行：BaseMapper.selectById(..)
13:32:58.107 [http-nio-8080-exec-8] INFO  com.xzj.aspect.DaoLogAspect - 数据库耗时：2 ms
13:32:58.107 [http-nio-8080-exec-8] INFO  com.xzj.aspect.DaoLogAspect - 数据库开始执行：BaseMapper.selectById(..)
13:32:58.110 [http-nio-8080-exec-8] INFO  com.xzj.aspect.DaoLogAspect - 数据库耗时：3 ms
13:32:58.110 [http-nio-8080-exec-8] INFO  com.xzj.aspect.DaoLogAspect - 数据库开始执行：BaseMapper.selectById(..)
13:32:58.112 [http-nio-8080-exec-8] INFO  com.xzj.aspect.DaoLogAspect - 数据库耗时：2 ms
13:32:58.112 [http-nio-8080-exec-8] INFO  com.xzj.aspect.DaoLogAspect - 数据库开始执行：BaseMapper.selectById(..)
13:32:58.114 [http-nio-8080-exec-8] INFO  com.xzj.aspect.DaoLogAspect - 数据库耗时：2 ms
13:32:58.114 [http-nio-8080-exec-8] INFO  com.xzj.aspect.DaoLogAspect - 数据库开始执行：BaseMapper.selectById(..)
13:32:58.116 [http-nio-8080-exec-8] INFO  com.xzj.aspect.DaoLogAspect - 数据库耗时：2 ms
13:32:58.116 [http-nio-8080-exec-8] INFO  com.xzj.aspect.DaoLogAspect - 数据库开始执行：BaseMapper.selectById(..)
13:32:58.118 [http-nio-8080-exec-8] INFO  com.xzj.aspect.DaoLogAspect - 数据库耗时：2 ms
13:32:58.118 [http-nio-8080-exec-8] INFO  com.xzj.aspect.DaoLogAspect - 数据库开始执行：BaseMapper.selectById(..)
13:32:58.119 [http-nio-8080-exec-8] INFO  com.xzj.aspect.DaoLogAspect - 数据库耗时：1 ms
13:32:58.119 [http-nio-8080-exec-8] INFO  com.xzj.aspect.DaoLogAspect - 数据库开始执行：BaseMapper.selectById(..)
13:32:58.121 [http-nio-8080-exec-8] INFO  com.xzj.aspect.DaoLogAspect - 数据库耗时：2 ms
13:32:58.121 [http-nio-8080-exec-8] INFO  com.xzj.aspect.DaoLogAspect - 数据库开始执行：BaseMapper.selectById(..)
13:32:58.123 [http-nio-8080-exec-8] INFO  com.xzj.aspect.DaoLogAspect - 数据库耗时：2 ms
13:32:58.123 [http-nio-8080-exec-8] INFO  com.xzj.aspect.DaoLogAspect - 数据库开始执行：BaseMapper.selectById(..)
13:32:58.125 [http-nio-8080-exec-8] INFO  com.xzj.aspect.DaoLogAspect - 数据库耗时：2 ms
13:32:58.127 [http-nio-8080-exec-8] INFO  com.xzj.aspect.WebLogAspect - 业务层耗时：74 ms
13:33:14.096 [http-nio-8080-exec-5] INFO  com.xzj.aspect.WebLogAspect - 请求地址：http://localhost:8080/api/Role/list
13:33:14.097 [http-nio-8080-exec-5] INFO  com.xzj.aspect.WebLogAspect - 请求方法：POST
13:33:14.097 [http-nio-8080-exec-5] INFO  com.xzj.aspect.WebLogAspect - 方法签名信息：com.xzj.controller.RoleController,selectRoleList
13:33:14.097 [http-nio-8080-exec-5] INFO  com.xzj.aspect.WebLogAspect - 请求参数：[1,10,null,null]
13:33:14.097 [http-nio-8080-exec-5] INFO  com.xzj.aspect.DaoLogAspect - 数据库开始执行：BaseMapper.selectList(..)
13:33:14.107 [http-nio-8080-exec-5] INFO  com.xzj.aspect.DaoLogAspect - 数据库耗时：10 ms
13:33:14.107 [http-nio-8080-exec-5] INFO  com.xzj.aspect.DaoLogAspect - 数据库开始执行：BaseMapper.selectById(..)
13:33:14.110 [http-nio-8080-exec-5] INFO  com.xzj.aspect.DaoLogAspect - 数据库耗时：3 ms
13:33:14.110 [http-nio-8080-exec-5] INFO  com.xzj.aspect.DaoLogAspect - 数据库开始执行：BaseMapper.selectById(..)
13:33:14.112 [http-nio-8080-exec-5] INFO  com.xzj.aspect.DaoLogAspect - 数据库耗时：2 ms
13:33:14.112 [http-nio-8080-exec-5] INFO  com.xzj.aspect.DaoLogAspect - 数据库开始执行：BaseMapper.selectById(..)
13:33:14.114 [http-nio-8080-exec-5] INFO  com.xzj.aspect.DaoLogAspect - 数据库耗时：2 ms
13:33:14.114 [http-nio-8080-exec-5] INFO  com.xzj.aspect.DaoLogAspect - 数据库开始执行：BaseMapper.selectById(..)
13:33:14.116 [http-nio-8080-exec-5] INFO  com.xzj.aspect.DaoLogAspect - 数据库耗时：2 ms
13:33:14.117 [http-nio-8080-exec-5] INFO  com.xzj.aspect.DaoLogAspect - 数据库开始执行：BaseMapper.selectById(..)
13:33:14.119 [http-nio-8080-exec-5] INFO  com.xzj.aspect.DaoLogAspect - 数据库耗时：2 ms
13:33:14.120 [http-nio-8080-exec-5] INFO  com.xzj.aspect.WebLogAspect - 业务层耗时：24 ms
13:33:25.176 [http-nio-8080-exec-6] INFO  com.xzj.aspect.WebLogAspect - 请求地址：http://localhost:8080/api/Dept/list
13:33:25.176 [http-nio-8080-exec-6] INFO  com.xzj.aspect.WebLogAspect - 请求方法：POST
13:33:25.176 [http-nio-8080-exec-6] INFO  com.xzj.aspect.WebLogAspect - 方法签名信息：com.xzj.controller.DeptController,selectDeptList
13:33:25.176 [http-nio-8080-exec-6] INFO  com.xzj.aspect.WebLogAspect - 请求参数：[1,10,null,null]
13:33:25.176 [http-nio-8080-exec-6] INFO  com.xzj.aspect.DaoLogAspect - 数据库开始执行：BaseMapper.selectList(..)
13:33:25.180 [http-nio-8080-exec-6] INFO  com.xzj.aspect.DaoLogAspect - 数据库耗时：4 ms
13:33:25.180 [http-nio-8080-exec-6] INFO  com.xzj.aspect.DaoLogAspect - 数据库开始执行：BaseMapper.selectById(..)
13:33:25.182 [http-nio-8080-exec-6] INFO  com.xzj.aspect.DaoLogAspect - 数据库耗时：2 ms
13:33:25.183 [http-nio-8080-exec-6] INFO  com.xzj.aspect.DaoLogAspect - 数据库开始执行：BaseMapper.selectById(..)
13:33:25.185 [http-nio-8080-exec-6] INFO  com.xzj.aspect.DaoLogAspect - 数据库耗时：2 ms
13:33:25.185 [http-nio-8080-exec-6] INFO  com.xzj.aspect.DaoLogAspect - 数据库开始执行：BaseMapper.selectById(..)
13:33:25.187 [http-nio-8080-exec-6] INFO  com.xzj.aspect.DaoLogAspect - 数据库耗时：2 ms
13:33:25.187 [http-nio-8080-exec-6] INFO  com.xzj.aspect.DaoLogAspect - 数据库开始执行：BaseMapper.selectById(..)
13:33:25.190 [http-nio-8080-exec-6] INFO  com.xzj.aspect.DaoLogAspect - 数据库耗时：3 ms
13:33:25.190 [http-nio-8080-exec-6] INFO  com.xzj.aspect.DaoLogAspect - 数据库开始执行：BaseMapper.selectById(..)
13:33:25.193 [http-nio-8080-exec-6] INFO  com.xzj.aspect.DaoLogAspect - 数据库耗时：3 ms
13:33:25.194 [http-nio-8080-exec-6] INFO  com.xzj.aspect.DaoLogAspect - 数据库开始执行：BaseMapper.selectById(..)
13:33:25.195 [http-nio-8080-exec-6] INFO  com.xzj.aspect.DaoLogAspect - 数据库耗时：2 ms
13:33:25.196 [http-nio-8080-exec-6] INFO  com.xzj.aspect.WebLogAspect - 业务层耗时：20 ms
13:33:34.787 [http-nio-8080-exec-3] INFO  com.xzj.aspect.WebLogAspect - 请求地址：http://localhost:8080/api/Module/list
13:33:34.787 [http-nio-8080-exec-9] INFO  com.xzj.aspect.WebLogAspect - 请求地址：http://localhost:8080/api/Module/nodes
13:33:34.787 [http-nio-8080-exec-3] INFO  com.xzj.aspect.WebLogAspect - 请求方法：POST
13:33:34.787 [http-nio-8080-exec-9] INFO  com.xzj.aspect.WebLogAspect - 请求方法：POST
13:33:34.787 [http-nio-8080-exec-9] INFO  com.xzj.aspect.WebLogAspect - 方法签名信息：com.xzj.controller.MenuController,nodesList
13:33:34.787 [http-nio-8080-exec-3] INFO  com.xzj.aspect.WebLogAspect - 方法签名信息：com.xzj.controller.MenuController,menuList
13:33:34.787 [http-nio-8080-exec-9] INFO  com.xzj.aspect.WebLogAspect - 请求参数：[]
13:33:34.787 [http-nio-8080-exec-3] INFO  com.xzj.aspect.WebLogAspect - 请求参数：[]
13:33:34.796 [http-nio-8080-exec-3] INFO  com.xzj.aspect.DaoLogAspect - 数据库开始执行：RoleMenuMapper.selectByRoleId(..)
13:33:34.800 [http-nio-8080-exec-9] INFO  com.xzj.aspect.DaoLogAspect - 数据库开始执行：BaseMapper.selectList(..)
13:33:34.800 [http-nio-8080-exec-3] INFO  com.xzj.aspect.DaoLogAspect - 数据库耗时：4 ms
13:33:34.800 [http-nio-8080-exec-3] INFO  com.xzj.aspect.DaoLogAspect - 数据库开始执行：BaseMapper.selectById(..)
13:33:34.803 [http-nio-8080-exec-3] INFO  com.xzj.aspect.DaoLogAspect - 数据库耗时：3 ms
13:33:34.803 [http-nio-8080-exec-3] INFO  com.xzj.aspect.DaoLogAspect - 数据库开始执行：BaseMapper.selectById(..)
13:33:34.805 [http-nio-8080-exec-3] INFO  com.xzj.aspect.DaoLogAspect - 数据库耗时：2 ms
13:33:34.805 [http-nio-8080-exec-3] INFO  com.xzj.aspect.DaoLogAspect - 数据库开始执行：BaseMapper.selectById(..)
13:33:34.806 [http-nio-8080-exec-9] INFO  com.xzj.aspect.DaoLogAspect - 数据库耗时：6 ms
13:33:34.807 [http-nio-8080-exec-3] INFO  com.xzj.aspect.DaoLogAspect - 数据库耗时：2 ms
13:33:34.807 [http-nio-8080-exec-3] INFO  com.xzj.aspect.DaoLogAspect - 数据库开始执行：BaseMapper.selectById(..)
13:33:34.809 [http-nio-8080-exec-3] INFO  com.xzj.aspect.DaoLogAspect - 数据库耗时：2 ms
13:33:34.809 [http-nio-8080-exec-3] INFO  com.xzj.aspect.DaoLogAspect - 数据库开始执行：BaseMapper.selectById(..)
13:33:34.811 [http-nio-8080-exec-3] INFO  com.xzj.aspect.DaoLogAspect - 数据库耗时：2 ms
13:33:34.811 [http-nio-8080-exec-3] INFO  com.xzj.aspect.DaoLogAspect - 数据库开始执行：BaseMapper.selectById(..)
13:33:34.813 [http-nio-8080-exec-3] INFO  com.xzj.aspect.DaoLogAspect - 数据库耗时：2 ms
13:33:34.813 [http-nio-8080-exec-3] INFO  com.xzj.aspect.DaoLogAspect - 数据库开始执行：BaseMapper.selectById(..)
13:33:34.814 [http-nio-8080-exec-3] INFO  com.xzj.aspect.DaoLogAspect - 数据库耗时：1 ms
13:33:34.814 [http-nio-8080-exec-3] INFO  com.xzj.aspect.DaoLogAspect - 数据库开始执行：BaseMapper.selectById(..)
13:33:34.816 [http-nio-8080-exec-3] INFO  com.xzj.aspect.DaoLogAspect - 数据库耗时：2 ms
13:33:34.816 [http-nio-8080-exec-9] INFO  com.xzj.aspect.WebLogAspect - 业务层耗时：29 ms
13:33:34.816 [http-nio-8080-exec-3] INFO  com.xzj.aspect.DaoLogAspect - 数据库开始执行：BaseMapper.selectById(..)
13:33:34.818 [http-nio-8080-exec-3] INFO  com.xzj.aspect.DaoLogAspect - 数据库耗时：2 ms
13:33:34.818 [http-nio-8080-exec-3] INFO  com.xzj.aspect.DaoLogAspect - 数据库开始执行：BaseMapper.selectById(..)
13:33:34.820 [http-nio-8080-exec-3] INFO  com.xzj.aspect.DaoLogAspect - 数据库耗时：2 ms
13:33:34.820 [http-nio-8080-exec-3] INFO  com.xzj.aspect.DaoLogAspect - 数据库开始执行：BaseMapper.selectById(..)
13:33:34.823 [http-nio-8080-exec-3] INFO  com.xzj.aspect.DaoLogAspect - 数据库耗时：3 ms
13:33:34.823 [http-nio-8080-exec-3] INFO  com.xzj.aspect.DaoLogAspect - 数据库开始执行：BaseMapper.selectById(..)
13:33:34.824 [http-nio-8080-exec-3] INFO  com.xzj.aspect.DaoLogAspect - 数据库耗时：1 ms
13:33:34.824 [http-nio-8080-exec-3] INFO  com.xzj.aspect.DaoLogAspect - 数据库开始执行：BaseMapper.selectById(..)
13:33:34.826 [http-nio-8080-exec-3] INFO  com.xzj.aspect.DaoLogAspect - 数据库耗时：2 ms
13:33:34.828 [http-nio-8080-exec-3] INFO  com.xzj.aspect.WebLogAspect - 业务层耗时：42 ms
13:33:36.577 [http-nio-8080-exec-7] INFO  com.xzj.aspect.WebLogAspect - 请求地址：http://localhost:8080/api/Dept/list/no/params
13:33:36.578 [http-nio-8080-exec-7] INFO  com.xzj.aspect.WebLogAspect - 请求方法：POST
13:33:36.578 [http-nio-8080-exec-7] INFO  com.xzj.aspect.WebLogAspect - 方法签名信息：com.xzj.controller.DeptController,selectDeptListNoParams
13:33:36.578 [http-nio-8080-exec-10] INFO  com.xzj.aspect.WebLogAspect - 请求地址：http://localhost:8080/api/Role/list/no/parms
13:33:36.578 [http-nio-8080-exec-7] INFO  com.xzj.aspect.WebLogAspect - 请求参数：[]
13:33:36.578 [http-nio-8080-exec-10] INFO  com.xzj.aspect.WebLogAspect - 请求方法：POST
13:33:36.578 [http-nio-8080-exec-2] INFO  com.xzj.aspect.WebLogAspect - 请求地址：http://localhost:8080/api/User/list
13:33:36.578 [http-nio-8080-exec-10] INFO  com.xzj.aspect.WebLogAspect - 方法签名信息：com.xzj.controller.RoleController,selectRoleListNoParams
13:33:36.578 [http-nio-8080-exec-2] INFO  com.xzj.aspect.WebLogAspect - 请求方法：POST
13:33:36.578 [http-nio-8080-exec-7] INFO  com.xzj.aspect.DaoLogAspect - 数据库开始执行：BaseMapper.selectList(..)
13:33:36.578 [http-nio-8080-exec-2] INFO  com.xzj.aspect.WebLogAspect - 方法签名信息：com.xzj.controller.UserController,selectUserList
13:33:36.578 [http-nio-8080-exec-10] INFO  com.xzj.aspect.WebLogAspect - 请求参数：[]
13:33:36.578 [http-nio-8080-exec-2] INFO  com.xzj.aspect.WebLogAspect - 请求参数：[1,10,"",""]
13:33:36.578 [http-nio-8080-exec-10] INFO  com.xzj.aspect.DaoLogAspect - 数据库开始执行：BaseMapper.selectList(..)
13:33:36.578 [http-nio-8080-exec-2] INFO  com.xzj.aspect.DaoLogAspect - 数据库开始执行：BaseMapper.selectList(..)
13:33:36.581 [http-nio-8080-exec-7] INFO  com.xzj.aspect.DaoLogAspect - 数据库耗时：3 ms
13:33:36.581 [http-nio-8080-exec-10] INFO  com.xzj.aspect.DaoLogAspect - 数据库耗时：3 ms
13:33:36.582 [http-nio-8080-exec-7] INFO  com.xzj.aspect.WebLogAspect - 业务层耗时：5 ms
13:33:36.582 [http-nio-8080-exec-10] INFO  com.xzj.aspect.WebLogAspect - 业务层耗时：4 ms
13:33:36.587 [http-nio-8080-exec-2] INFO  com.xzj.aspect.DaoLogAspect - 数据库耗时：9 ms
13:33:36.587 [http-nio-8080-exec-2] INFO  com.xzj.aspect.DaoLogAspect - 数据库开始执行：BaseMapper.selectById(..)
13:33:36.590 [http-nio-8080-exec-2] INFO  com.xzj.aspect.DaoLogAspect - 数据库耗时：3 ms
13:33:36.590 [http-nio-8080-exec-2] INFO  com.xzj.aspect.DaoLogAspect - 数据库开始执行：BaseMapper.selectById(..)
13:33:36.593 [http-nio-8080-exec-2] INFO  com.xzj.aspect.DaoLogAspect - 数据库耗时：3 ms
13:33:36.593 [http-nio-8080-exec-2] INFO  com.xzj.aspect.DaoLogAspect - 数据库开始执行：BaseMapper.selectById(..)
13:33:36.596 [http-nio-8080-exec-2] INFO  com.xzj.aspect.DaoLogAspect - 数据库耗时：3 ms
13:33:36.596 [http-nio-8080-exec-2] INFO  com.xzj.aspect.DaoLogAspect - 数据库开始执行：BaseMapper.selectById(..)
13:33:36.598 [http-nio-8080-exec-2] INFO  com.xzj.aspect.DaoLogAspect - 数据库耗时：2 ms
13:33:36.598 [http-nio-8080-exec-2] INFO  com.xzj.aspect.DaoLogAspect - 数据库开始执行：BaseMapper.selectById(..)
13:33:36.599 [http-nio-8080-exec-2] INFO  com.xzj.aspect.DaoLogAspect - 数据库耗时：1 ms
13:33:36.599 [http-nio-8080-exec-2] INFO  com.xzj.aspect.DaoLogAspect - 数据库开始执行：BaseMapper.selectById(..)
13:33:36.601 [http-nio-8080-exec-2] INFO  com.xzj.aspect.DaoLogAspect - 数据库耗时：2 ms
13:33:36.601 [http-nio-8080-exec-2] INFO  com.xzj.aspect.DaoLogAspect - 数据库开始执行：BaseMapper.selectById(..)
13:33:36.602 [http-nio-8080-exec-2] INFO  com.xzj.aspect.DaoLogAspect - 数据库耗时：1 ms
13:33:36.603 [http-nio-8080-exec-2] INFO  com.xzj.aspect.DaoLogAspect - 数据库开始执行：BaseMapper.selectById(..)
13:33:36.605 [http-nio-8080-exec-2] INFO  com.xzj.aspect.DaoLogAspect - 数据库耗时：2 ms
13:33:36.605 [http-nio-8080-exec-2] INFO  com.xzj.aspect.DaoLogAspect - 数据库开始执行：BaseMapper.selectById(..)
13:33:36.607 [http-nio-8080-exec-2] INFO  com.xzj.aspect.DaoLogAspect - 数据库耗时：2 ms
13:33:36.607 [http-nio-8080-exec-2] INFO  com.xzj.aspect.DaoLogAspect - 数据库开始执行：BaseMapper.selectById(..)
13:33:36.609 [http-nio-8080-exec-2] INFO  com.xzj.aspect.DaoLogAspect - 数据库耗时：2 ms
13:33:36.609 [http-nio-8080-exec-2] INFO  com.xzj.aspect.DaoLogAspect - 数据库开始执行：BaseMapper.selectById(..)
13:33:36.612 [http-nio-8080-exec-2] INFO  com.xzj.aspect.DaoLogAspect - 数据库耗时：3 ms
13:33:36.612 [http-nio-8080-exec-2] INFO  com.xzj.aspect.DaoLogAspect - 数据库开始执行：BaseMapper.selectById(..)
13:33:36.614 [http-nio-8080-exec-2] INFO  com.xzj.aspect.DaoLogAspect - 数据库耗时：2 ms
13:33:36.614 [http-nio-8080-exec-2] INFO  com.xzj.aspect.DaoLogAspect - 数据库开始执行：BaseMapper.selectById(..)
13:33:36.617 [http-nio-8080-exec-2] INFO  com.xzj.aspect.DaoLogAspect - 数据库耗时：3 ms
13:33:36.617 [http-nio-8080-exec-2] INFO  com.xzj.aspect.DaoLogAspect - 数据库开始执行：BaseMapper.selectById(..)
13:33:36.619 [http-nio-8080-exec-2] INFO  com.xzj.aspect.DaoLogAspect - 数据库耗时：2 ms
13:33:36.619 [http-nio-8080-exec-2] INFO  com.xzj.aspect.DaoLogAspect - 数据库开始执行：BaseMapper.selectById(..)
13:33:36.621 [http-nio-8080-exec-2] INFO  com.xzj.aspect.DaoLogAspect - 数据库耗时：2 ms
13:33:36.622 [http-nio-8080-exec-2] INFO  com.xzj.aspect.DaoLogAspect - 数据库开始执行：BaseMapper.selectById(..)
13:33:36.624 [http-nio-8080-exec-2] INFO  com.xzj.aspect.DaoLogAspect - 数据库耗时：2 ms
13:33:36.624 [http-nio-8080-exec-2] INFO  com.xzj.aspect.DaoLogAspect - 数据库开始执行：BaseMapper.selectById(..)
13:33:36.627 [http-nio-8080-exec-2] INFO  com.xzj.aspect.DaoLogAspect - 数据库耗时：3 ms
13:33:36.627 [http-nio-8080-exec-2] INFO  com.xzj.aspect.DaoLogAspect - 数据库开始执行：BaseMapper.selectById(..)
13:33:36.628 [http-nio-8080-exec-2] INFO  com.xzj.aspect.DaoLogAspect - 数据库耗时：1 ms
13:33:36.628 [http-nio-8080-exec-2] INFO  com.xzj.aspect.DaoLogAspect - 数据库开始执行：BaseMapper.selectById(..)
13:33:36.630 [http-nio-8080-exec-2] INFO  com.xzj.aspect.DaoLogAspect - 数据库耗时：2 ms
13:33:36.630 [http-nio-8080-exec-2] INFO  com.xzj.aspect.DaoLogAspect - 数据库开始执行：BaseMapper.selectById(..)
13:33:36.631 [http-nio-8080-exec-2] INFO  com.xzj.aspect.DaoLogAspect - 数据库耗时：1 ms
13:33:36.631 [http-nio-8080-exec-2] INFO  com.xzj.aspect.DaoLogAspect - 数据库开始执行：BaseMapper.selectById(..)
13:33:36.632 [http-nio-8080-exec-2] INFO  com.xzj.aspect.DaoLogAspect - 数据库耗时：1 ms
13:33:36.632 [http-nio-8080-exec-2] INFO  com.xzj.aspect.DaoLogAspect - 数据库开始执行：BaseMapper.selectById(..)
13:33:36.633 [http-nio-8080-exec-2] INFO  com.xzj.aspect.DaoLogAspect - 数据库耗时：1 ms
13:33:36.633 [http-nio-8080-exec-2] INFO  com.xzj.aspect.DaoLogAspect - 数据库开始执行：BaseMapper.selectById(..)
13:33:36.635 [http-nio-8080-exec-2] INFO  com.xzj.aspect.DaoLogAspect - 数据库耗时：2 ms
13:33:36.635 [http-nio-8080-exec-2] INFO  com.xzj.aspect.DaoLogAspect - 数据库开始执行：BaseMapper.selectById(..)
13:33:36.636 [http-nio-8080-exec-2] INFO  com.xzj.aspect.DaoLogAspect - 数据库耗时：1 ms
13:33:36.636 [http-nio-8080-exec-2] INFO  com.xzj.aspect.DaoLogAspect - 数据库开始执行：BaseMapper.selectById(..)
13:33:36.638 [http-nio-8080-exec-2] INFO  com.xzj.aspect.DaoLogAspect - 数据库耗时：2 ms
13:33:36.638 [http-nio-8080-exec-2] INFO  com.xzj.aspect.DaoLogAspect - 数据库开始执行：BaseMapper.selectById(..)
13:33:36.640 [http-nio-8080-exec-2] INFO  com.xzj.aspect.DaoLogAspect - 数据库耗时：2 ms
13:33:36.640 [http-nio-8080-exec-2] INFO  com.xzj.aspect.DaoLogAspect - 数据库开始执行：BaseMapper.selectById(..)
13:33:36.642 [http-nio-8080-exec-2] INFO  com.xzj.aspect.DaoLogAspect - 数据库耗时：2 ms
13:33:36.642 [http-nio-8080-exec-2] INFO  com.xzj.aspect.DaoLogAspect - 数据库开始执行：BaseMapper.selectById(..)
13:33:36.643 [http-nio-8080-exec-2] INFO  com.xzj.aspect.DaoLogAspect - 数据库耗时：1 ms
13:33:36.643 [http-nio-8080-exec-2] INFO  com.xzj.aspect.DaoLogAspect - 数据库开始执行：BaseMapper.selectById(..)
13:33:36.644 [http-nio-8080-exec-2] INFO  com.xzj.aspect.DaoLogAspect - 数据库耗时：1 ms
13:33:36.644 [http-nio-8080-exec-2] INFO  com.xzj.aspect.DaoLogAspect - 数据库开始执行：BaseMapper.selectById(..)
13:33:36.645 [http-nio-8080-exec-2] INFO  com.xzj.aspect.DaoLogAspect - 数据库耗时：1 ms
13:33:36.646 [http-nio-8080-exec-2] INFO  com.xzj.aspect.DaoLogAspect - 数据库开始执行：BaseMapper.selectById(..)
13:33:36.647 [http-nio-8080-exec-2] INFO  com.xzj.aspect.DaoLogAspect - 数据库耗时：1 ms
13:33:36.647 [http-nio-8080-exec-2] INFO  com.xzj.aspect.DaoLogAspect - 数据库开始执行：BaseMapper.selectById(..)
13:33:36.648 [http-nio-8080-exec-2] INFO  com.xzj.aspect.DaoLogAspect - 数据库耗时：1 ms
13:33:36.648 [http-nio-8080-exec-2] INFO  com.xzj.aspect.DaoLogAspect - 数据库开始执行：BaseMapper.selectById(..)
13:33:36.650 [http-nio-8080-exec-2] INFO  com.xzj.aspect.DaoLogAspect - 数据库耗时：2 ms
13:33:36.650 [http-nio-8080-exec-2] INFO  com.xzj.aspect.DaoLogAspect - 数据库开始执行：BaseMapper.selectById(..)
13:33:36.651 [http-nio-8080-exec-2] INFO  com.xzj.aspect.DaoLogAspect - 数据库耗时：1 ms
13:33:36.651 [http-nio-8080-exec-2] INFO  com.xzj.aspect.DaoLogAspect - 数据库开始执行：BaseMapper.selectById(..)
13:33:36.652 [http-nio-8080-exec-2] INFO  com.xzj.aspect.DaoLogAspect - 数据库耗时：1 ms
13:33:36.653 [http-nio-8080-exec-2] INFO  com.xzj.aspect.DaoLogAspect - 数据库开始执行：BaseMapper.selectById(..)
13:33:36.654 [http-nio-8080-exec-2] INFO  com.xzj.aspect.DaoLogAspect - 数据库耗时：1 ms
13:33:36.654 [http-nio-8080-exec-2] INFO  com.xzj.aspect.DaoLogAspect - 数据库开始执行：BaseMapper.selectById(..)
13:33:36.656 [http-nio-8080-exec-2] INFO  com.xzj.aspect.DaoLogAspect - 数据库耗时：2 ms
13:33:36.656 [http-nio-8080-exec-2] INFO  com.xzj.aspect.DaoLogAspect - 数据库开始执行：BaseMapper.selectById(..)
13:33:36.657 [http-nio-8080-exec-2] INFO  com.xzj.aspect.DaoLogAspect - 数据库耗时：1 ms
13:33:36.657 [http-nio-8080-exec-2] INFO  com.xzj.aspect.DaoLogAspect - 数据库开始执行：BaseMapper.selectById(..)
13:33:36.659 [http-nio-8080-exec-2] INFO  com.xzj.aspect.DaoLogAspect - 数据库耗时：2 ms
13:33:36.659 [http-nio-8080-exec-2] INFO  com.xzj.aspect.DaoLogAspect - 数据库开始执行：BaseMapper.selectById(..)
13:33:36.660 [http-nio-8080-exec-2] INFO  com.xzj.aspect.DaoLogAspect - 数据库耗时：1 ms
13:33:36.661 [http-nio-8080-exec-2] INFO  com.xzj.aspect.WebLogAspect - 业务层耗时：83 ms
13:33:37.332 [http-nio-8080-exec-4] INFO  com.xzj.aspect.WebLogAspect - 请求地址：http://localhost:8080/api/Module/nodes
13:33:37.332 [http-nio-8080-exec-4] INFO  com.xzj.aspect.WebLogAspect - 请求方法：POST
13:33:37.332 [http-nio-8080-exec-4] INFO  com.xzj.aspect.WebLogAspect - 方法签名信息：com.xzj.controller.MenuController,nodesList
13:33:37.332 [http-nio-8080-exec-4] INFO  com.xzj.aspect.WebLogAspect - 请求参数：[]
13:33:37.333 [http-nio-8080-exec-4] INFO  com.xzj.aspect.DaoLogAspect - 数据库开始执行：BaseMapper.selectList(..)
13:33:37.333 [http-nio-8080-exec-1] INFO  com.xzj.aspect.WebLogAspect - 请求地址：http://localhost:8080/api/Module/list
13:33:37.333 [http-nio-8080-exec-1] INFO  com.xzj.aspect.WebLogAspect - 请求方法：POST
13:33:37.333 [http-nio-8080-exec-1] INFO  com.xzj.aspect.WebLogAspect - 方法签名信息：com.xzj.controller.MenuController,menuList
13:33:37.333 [http-nio-8080-exec-1] INFO  com.xzj.aspect.WebLogAspect - 请求参数：[]
13:33:37.333 [http-nio-8080-exec-1] INFO  com.xzj.aspect.DaoLogAspect - 数据库开始执行：RoleMenuMapper.selectByRoleId(..)
13:33:37.335 [http-nio-8080-exec-4] INFO  com.xzj.aspect.DaoLogAspect - 数据库耗时：2 ms
13:33:37.335 [http-nio-8080-exec-1] INFO  com.xzj.aspect.DaoLogAspect - 数据库耗时：2 ms
13:33:37.335 [http-nio-8080-exec-1] INFO  com.xzj.aspect.DaoLogAspect - 数据库开始执行：BaseMapper.selectById(..)
13:33:37.335 [http-nio-8080-exec-4] INFO  com.xzj.aspect.WebLogAspect - 业务层耗时：3 ms
13:33:37.338 [http-nio-8080-exec-1] INFO  com.xzj.aspect.DaoLogAspect - 数据库耗时：3 ms
13:33:37.338 [http-nio-8080-exec-1] INFO  com.xzj.aspect.DaoLogAspect - 数据库开始执行：BaseMapper.selectById(..)
13:33:37.341 [http-nio-8080-exec-1] INFO  com.xzj.aspect.DaoLogAspect - 数据库耗时：3 ms
13:33:37.341 [http-nio-8080-exec-1] INFO  com.xzj.aspect.DaoLogAspect - 数据库开始执行：BaseMapper.selectById(..)
13:33:37.344 [http-nio-8080-exec-1] INFO  com.xzj.aspect.DaoLogAspect - 数据库耗时：3 ms
13:33:37.344 [http-nio-8080-exec-1] INFO  com.xzj.aspect.DaoLogAspect - 数据库开始执行：BaseMapper.selectById(..)
13:33:37.346 [http-nio-8080-exec-1] INFO  com.xzj.aspect.DaoLogAspect - 数据库耗时：2 ms
13:33:37.346 [http-nio-8080-exec-1] INFO  com.xzj.aspect.DaoLogAspect - 数据库开始执行：BaseMapper.selectById(..)
13:33:37.347 [http-nio-8080-exec-1] INFO  com.xzj.aspect.DaoLogAspect - 数据库耗时：1 ms
13:33:37.348 [http-nio-8080-exec-1] INFO  com.xzj.aspect.DaoLogAspect - 数据库开始执行：BaseMapper.selectById(..)
13:33:37.350 [http-nio-8080-exec-1] INFO  com.xzj.aspect.DaoLogAspect - 数据库耗时：2 ms
13:33:37.350 [http-nio-8080-exec-1] INFO  com.xzj.aspect.DaoLogAspect - 数据库开始执行：BaseMapper.selectById(..)
13:33:37.351 [http-nio-8080-exec-1] INFO  com.xzj.aspect.DaoLogAspect - 数据库耗时：1 ms
13:33:37.352 [http-nio-8080-exec-1] INFO  com.xzj.aspect.DaoLogAspect - 数据库开始执行：BaseMapper.selectById(..)
13:33:37.353 [http-nio-8080-exec-1] INFO  com.xzj.aspect.DaoLogAspect - 数据库耗时：1 ms
13:33:37.353 [http-nio-8080-exec-1] INFO  com.xzj.aspect.DaoLogAspect - 数据库开始执行：BaseMapper.selectById(..)
13:33:37.356 [http-nio-8080-exec-1] INFO  com.xzj.aspect.DaoLogAspect - 数据库耗时：3 ms
13:33:37.356 [http-nio-8080-exec-1] INFO  com.xzj.aspect.DaoLogAspect - 数据库开始执行：BaseMapper.selectById(..)
13:33:37.358 [http-nio-8080-exec-1] INFO  com.xzj.aspect.DaoLogAspect - 数据库耗时：2 ms
13:33:37.358 [http-nio-8080-exec-1] INFO  com.xzj.aspect.DaoLogAspect - 数据库开始执行：BaseMapper.selectById(..)
13:33:37.360 [http-nio-8080-exec-1] INFO  com.xzj.aspect.DaoLogAspect - 数据库耗时：2 ms
13:33:37.360 [http-nio-8080-exec-1] INFO  com.xzj.aspect.DaoLogAspect - 数据库开始执行：BaseMapper.selectById(..)
13:33:37.361 [http-nio-8080-exec-1] INFO  com.xzj.aspect.DaoLogAspect - 数据库耗时：1 ms
13:33:37.361 [http-nio-8080-exec-1] INFO  com.xzj.aspect.DaoLogAspect - 数据库开始执行：BaseMapper.selectById(..)
13:33:37.363 [http-nio-8080-exec-1] INFO  com.xzj.aspect.DaoLogAspect - 数据库耗时：2 ms
13:33:37.363 [http-nio-8080-exec-1] INFO  com.xzj.aspect.WebLogAspect - 业务层耗时：30 ms
14:31:37.016 [SpringApplicationShutdownHook] INFO  com.zaxxer.hikari.HikariDataSource - HikariPool-1 - Shutdown initiated...
14:31:37.027 [SpringApplicationShutdownHook] INFO  com.zaxxer.hikari.HikariDataSource - HikariPool-1 - Shutdown completed.
14:31:44.141 [main] INFO  com.xzj.ImsApplication - Starting ImsApplication using Java 11.0.15.1 on LAPTOP-U2V6LQKN with PID 12220 (F:\培训\项目\库存管理\code\IMS\target\classes started by Peter in F:\培训\项目\库存管理\code\IMS)
14:31:44.143 [main] INFO  com.xzj.ImsApplication - No active profile set, falling back to 1 default profile: "default"
14:31:45.280 [main] INFO  o.s.d.r.c.RepositoryConfigurationDelegate - Multiple Spring Data modules found, entering strict repository configuration mode
14:31:45.282 [main] INFO  o.s.d.r.c.RepositoryConfigurationDelegate - Bootstrapping Spring Data Redis repositories in DEFAULT mode.
14:31:45.306 [main] INFO  o.s.d.r.c.RepositoryConfigurationDelegate - Finished Spring Data repository scanning in 11 ms. Found 0 Redis repository interfaces.
14:31:45.961 [main] INFO  o.s.b.w.e.tomcat.TomcatWebServer - Tomcat initialized with port(s): 8080 (http)
14:31:45.968 [main] INFO  o.a.coyote.http11.Http11NioProtocol - Initializing ProtocolHandler ["http-nio-8080"]
14:31:45.968 [main] INFO  o.a.catalina.core.StandardService - Starting service [Tomcat]
14:31:45.968 [main] INFO  o.a.catalina.core.StandardEngine - Starting Servlet engine: [Apache Tomcat/9.0.75]
14:31:46.094 [main] INFO  o.a.c.c.C.[Tomcat].[localhost].[/] - Initializing Spring embedded WebApplicationContext
14:31:46.094 [main] INFO  o.s.b.w.s.c.ServletWebServerApplicationContext - Root WebApplicationContext: initialization completed in 1916 ms
14:31:48.404 [main] WARN  o.s.b.s.r.RedisStarterDeprecationWarningAutoConfiguration - spring-boot-starter-redis is deprecated as of Spring Boot 1.4, please migrate to spring-boot-starter-data-redis
14:31:48.438 [main] INFO  o.a.coyote.http11.Http11NioProtocol - Starting ProtocolHandler ["http-nio-8080"]
14:31:48.457 [main] INFO  o.s.b.w.e.tomcat.TomcatWebServer - Tomcat started on port(s): 8080 (http) with context path ''
14:31:48.725 [main] INFO  com.xzj.ImsApplication - Started ImsApplication in 4.969 seconds (JVM running for 6.151)
